<?xml version="1.0" encoding="UTF-8"?>
<!-- Generated by org.testng.reporters.JUnitReportReporter -->
<testsuite hostname="DESKTOP-1BCGUCT" failures="0" tests="1" name="com.APITesting.RestAssuredTutorial.GetMethodDemo" time="14.719" errors="0" timestamp="25 Feb 2021 08:24:04 GMT" skipped="0">
  <testcase classname="com.APITesting.RestAssuredTutorial.GetMethodDemo" name="getResponseBody" time="14.719"/>
</testsuite> <!-- com.APITesting.RestAssuredTutorial.GetMethodDemo -->
